<?xml version="1.0" encoding="UTF-8"?>
<testng-results ignored="0" total="1" passed="1" failed="0" skipped="0">
  <reporter-output>
  </reporter-output>
  <suite started-at="2021-06-09T17:52:47 BRT" name="Default suite" finished-at="2021-06-09T17:52:52 BRT" duration-ms="4749">
    <groups>
    </groups>
    <test started-at="2021-06-09T17:52:47 BRT" name="Default test" finished-at="2021-06-09T17:52:52 BRT" duration-ms="4749">
      <class name="tests.JsonSchemaValidator">
        <test-method signature="testGet()[pri:0, instance:tests.JsonSchemaValidator@22e357dc]" started-at="2021-06-09T17:52:47 BRT" name="testGet" finished-at="2021-06-09T17:52:52 BRT" duration-ms="4689" status="PASS">
          <reporter-output>
          </reporter-output>
        </test-method> <!-- testGet -->
      </class> <!-- tests.JsonSchemaValidator -->
    </test> <!-- Default test -->
  </suite> <!-- Default suite -->
</testng-results>
