<?xml version="1.0" encoding="UTF-8"?>
<testng-results ignored="0" total="1" passed="1" failed="0" skipped="0">
  <reporter-output>
  </reporter-output>
  <suite started-at="2021-06-09T20:19:45 BRT" name="Default suite" finished-at="2021-06-09T20:19:50 BRT" duration-ms="5140">
    <groups>
    </groups>
    <test started-at="2021-06-09T20:19:45 BRT" name="Default test" finished-at="2021-06-09T20:19:50 BRT" duration-ms="5140">
      <class name="tests.SoapXMLRequest">
        <test-method signature="validateSoapXML()[pri:0, instance:tests.SoapXMLRequest@27ff5d15]" started-at="2021-06-09T20:19:45 BRT" name="validateSoapXML" finished-at="2021-06-09T20:19:50 BRT" duration-ms="5088" status="PASS">
          <reporter-output>
          </reporter-output>
        </test-method> <!-- validateSoapXML -->
      </class> <!-- tests.SoapXMLRequest -->
    </test> <!-- Default test -->
  </suite> <!-- Default suite -->
</testng-results>
